SF:lib\src\movie_repository.dart
DA:16,1
DA:20,1
DA:22,2
DA:25,1
DA:27,2
DA:30,1
DA:32,2
DA:35,1
DA:37,2
DA:40,1
DA:42,2
LF:11
LH:11
end_of_record
SF:lib\src\api\movie_api.dart
DA:14,1
DA:16,1
DA:17,3
DA:18,2
DA:21,2
DA:25,2
DA:26,4
DA:30,1
DA:31,1
DA:35,3
DA:36,2
DA:38,1
DA:40,2
DA:42,2
DA:46,3
DA:49,1
DA:50,5
DA:52,2
DA:56,2
DA:57,4
DA:61,1
DA:62,1
DA:67,3
DA:68,3
DA:70,3
DA:73,2
DA:78,1
DA:80,5
DA:82,2
DA:86,3
LF:30
LH:30
end_of_record
SF:lib\src\api\models\create_movie_dto.dart
DA:11,2
DA:16,0
DA:17,0
DA:18,2
DA:20,0
DA:22,0
DA:23,0
DA:24,0
LF:8
LH:2
end_of_record
SF:lib\src\api\models\create_movie_dto.g.dart
DA:9,0
DA:10,0
DA:11,0
DA:12,0
DA:15,1
DA:16,1
DA:17,1
DA:18,1
LF:8
LH:4
end_of_record
SF:lib\src\api\models\detailed_movie_dto.dart
DA:24,2
DA:42,1
DA:43,1
DA:44,2
DA:46,1
DA:48,1
DA:49,1
DA:50,1
DA:51,1
DA:52,1
DA:53,1
DA:54,1
DA:55,1
DA:56,1
DA:57,1
DA:58,1
DA:59,1
DA:60,1
DA:61,1
DA:62,1
DA:63,1
DA:73,2
DA:78,1
DA:79,1
DA:80,2
DA:82,1
DA:83,3
DA:93,2
DA:100,2
DA:101,2
DA:103,1
DA:104,5
LF:32
LH:32
end_of_record
SF:lib\src\api\models\detailed_movie_dto.g.dart
DA:9,1
DA:10,1
DA:11,1
DA:12,1
DA:13,1
DA:14,1
DA:15,1
DA:16,1
DA:17,1
DA:18,1
DA:19,1
DA:20,3
DA:21,1
DA:22,1
DA:23,3
DA:24,1
DA:25,1
DA:26,1
DA:27,1
DA:28,1
DA:29,1
DA:30,2
DA:31,1
DA:34,1
DA:35,1
DA:36,1
DA:37,1
DA:38,1
DA:39,1
DA:40,1
DA:41,1
DA:42,1
DA:43,1
DA:44,1
DA:45,1
DA:46,1
DA:47,1
DA:48,1
DA:49,1
DA:50,1
DA:53,2
DA:54,1
DA:55,1
DA:58,2
DA:59,1
DA:60,1
DA:63,2
DA:64,1
DA:65,1
DA:66,1
DA:67,1
DA:70,2
DA:71,1
DA:72,1
DA:73,1
DA:74,1
LF:56
LH:56
end_of_record
SF:lib\src\api\models\movie.g.dart
DA:9,2
DA:10,1
DA:11,1
DA:12,1
DA:13,1
DA:14,1
DA:17,2
DA:18,1
DA:19,1
DA:20,1
DA:21,1
DA:22,1
LF:12
LH:12
end_of_record
SF:lib\src\api\models\movie.dart
DA:14,2
DA:22,2
DA:23,2
DA:25,0
DA:27,0
DA:28,0
DA:29,0
DA:30,0
DA:31,0
DA:32,0
LF:10
LH:3
end_of_record
SF:lib\src\api\models\update_movie_dto.dart
DA:11,3
DA:16,0
DA:17,0
DA:18,0
DA:20,0
DA:22,0
DA:23,0
DA:24,0
LF:8
LH:1
end_of_record
SF:lib\src\api\models\update_movie_dto.g.dart
DA:9,0
DA:10,0
DA:11,0
DA:12,0
DA:15,0
DA:16,0
DA:17,0
DA:18,0
LF:8
LH:0
end_of_record
