SF:lib\src\movie_repository.dart
DA:16,1
DA:20,1
DA:22,2
DA:25,1
DA:27,2
DA:30,1
DA:32,2
DA:35,1
DA:37,2
DA:40,1
DA:42,2
LF:11
LH:11
end_of_record
SF:lib\src\api\movie_api.dart
DA:14,1
DA:16,1
DA:17,3
DA:18,2
DA:21,2
DA:25,2
DA:26,4
DA:30,1
DA:31,1
DA:35,3
DA:36,2
DA:38,1
DA:40,2
DA:42,2
DA:46,3
DA:49,1
DA:50,5
DA:52,2
DA:56,2
DA:57,4
DA:61,1
DA:62,1
DA:67,3
DA:68,3
DA:70,3
DA:73,2
DA:78,0
DA:80,0
DA:82,0
DA:86,0
LF:30
LH:26
end_of_record
SF:lib\src\api\models\create_movie_dto.dart
DA:11,2
DA:16,0
DA:17,0
DA:18,2
DA:20,0
DA:22,0
DA:23,0
DA:24,0
LF:8
LH:2
end_of_record
SF:lib\src\api\models\create_movie_dto.g.dart
DA:9,0
DA:10,0
DA:11,0
DA:12,0
DA:15,1
DA:16,1
DA:17,1
DA:18,1
LF:8
LH:4
end_of_record
SF:lib\src\api\models\detailed_movie_dto.dart
DA:24,1
DA:42,0
DA:43,0
DA:44,0
DA:46,0
DA:48,0
DA:49,0
DA:50,0
DA:51,0
DA:52,0
DA:53,0
DA:54,0
DA:55,0
DA:56,0
DA:57,0
DA:58,0
DA:59,0
DA:60,0
DA:61,0
DA:62,0
DA:63,0
DA:73,1
DA:78,0
DA:79,0
DA:80,0
DA:82,0
DA:83,0
DA:93,1
DA:100,0
DA:101,0
DA:103,0
DA:104,0
LF:32
LH:3
end_of_record
SF:lib\src\api\models\detailed_movie_dto.g.dart
DA:9,0
DA:10,0
DA:11,0
DA:12,0
DA:13,0
DA:14,0
DA:15,0
DA:16,0
DA:17,0
DA:18,0
DA:19,0
DA:20,0
DA:21,0
DA:22,0
DA:23,0
DA:24,0
DA:25,0
DA:26,0
DA:27,0
DA:28,0
DA:29,0
DA:30,0
DA:31,0
DA:34,0
DA:35,0
DA:36,0
DA:37,0
DA:38,0
DA:39,0
DA:40,0
DA:41,0
DA:42,0
DA:43,0
DA:44,0
DA:45,0
DA:46,0
DA:47,0
DA:48,0
DA:49,0
DA:50,0
DA:53,0
DA:54,0
DA:55,0
DA:58,0
DA:59,0
DA:60,0
DA:63,0
DA:64,0
DA:65,0
DA:66,0
DA:67,0
DA:70,0
DA:71,0
DA:72,0
DA:73,0
DA:74,0
LF:56
LH:0
end_of_record
SF:lib\src\api\models\movie.g.dart
DA:9,2
DA:10,1
DA:11,1
DA:12,1
DA:13,1
DA:14,1
DA:17,2
DA:18,1
DA:19,1
DA:20,1
DA:21,1
DA:22,1
LF:12
LH:12
end_of_record
SF:lib\src\api\models\movie.dart
DA:14,2
DA:22,2
DA:23,2
DA:25,0
DA:27,0
DA:28,0
DA:29,0
DA:30,0
DA:31,0
DA:32,0
LF:10
LH:3
end_of_record
SF:lib\src\api\models\update_movie_dto.dart
DA:11,3
DA:16,0
DA:17,0
DA:18,0
DA:20,0
DA:22,0
DA:23,0
DA:24,0
LF:8
LH:1
end_of_record
SF:lib\src\api\models\update_movie_dto.g.dart
DA:9,0
DA:10,0
DA:11,0
DA:12,0
DA:15,0
DA:16,0
DA:17,0
DA:18,0
LF:8
LH:0
end_of_record
