SF:lib\search\blocs\search_movie\search_movie_state.dart
DA:5,1
DA:6,1
DA:16,1
DA:20,1
DA:21,2
DA:27,2
DA:31,1
DA:32,2
LF:8
LH:8
end_of_record
SF:lib\search\blocs\search_movie\search_movie_event.dart
DA:5,0
DA:6,0
DA:12,1
DA:16,0
DA:17,0
LF:5
LH:1
end_of_record
SF:lib\search\blocs\search_movie\search_movie_bloc.dart
DA:14,1
DA:16,2
DA:19,1
DA:20,1
DA:21,2
DA:25,1
DA:27,2
DA:28,4
DA:29,2
DA:30,1
DA:31,3
LF:11
LH:11
end_of_record
SF:lib\search\blocs\create_movie\create_movie_state.dart
DA:5,4
DA:7,1
DA:8,1
DA:16,1
DA:20,1
DA:21,2
DA:27,2
DA:31,1
DA:32,2
DA:38,3
DA:42,1
DA:43,2
LF:12
LH:12
end_of_record
SF:lib\search\blocs\create_movie\create_movie_bloc.dart
DA:14,2
DA:16,4
DA:19,1
DA:20,1
DA:21,4
DA:22,2
DA:26,1
DA:28,4
DA:29,2
DA:30,1
DA:31,3
LF:11
LH:11
end_of_record
SF:lib\search\blocs\create_movie\create_movie_event.dart
DA:5,1
DA:7,0
DA:8,0
DA:14,1
DA:18,0
DA:19,0
LF:6
LH:2
end_of_record
SF:lib\search\views\search_page.dart
DA:7,1
DA:11,1
DA:16,1
DA:18,1
DA:19,1
DA:20,3
DA:21,3
DA:23,1
DA:24,1
DA:25,2
DA:26,1
DA:27,2
DA:28,1
DA:30,1
DA:31,3
DA:36,1
DA:37,2
DA:38,1
DA:40,2
DA:45,1
DA:46,1
DA:47,1
LF:22
LH:22
end_of_record
SF:lib\search\widgets\movie_list\movie_list.dart
DA:7,1
DA:9,0
DA:11,1
DA:13,1
DA:14,1
DA:15,1
DA:16,1
DA:17,0
DA:19,0
DA:21,1
DA:27,1
DA:28,1
DA:29,1
DA:30,1
LF:14
LH:11
end_of_record
SF:lib\search\widgets\movie_list\movie_tile.dart
DA:10,0
DA:13,0
DA:15,0
DA:17,0
DA:18,0
DA:19,0
DA:20,0
DA:21,0
DA:22,0
DA:23,0
DA:24,0
DA:25,0
DA:26,0
DA:35,0
DA:36,0
DA:37,0
DA:38,0
DA:39,0
LF:18
LH:0
end_of_record
SF:lib\search\widgets\movie_search.dart
DA:6,2
DA:10,1
DA:12,1
DA:13,1
DA:14,0
DA:15,0
DA:16,0
DA:17,0
DA:18,0
DA:22,1
DA:24,1
DA:25,1
LF:12
LH:7
end_of_record
